<?xml version="1.0" encoding="UTF-8"?>
<testsuites name="search test" time="27.93" tests="1" failures="0" errors="1">
   <testsuite name="search test" tests="1" failures="0" errors="1" time="27.93" skipped="0" timestamp="2023-03-31 00:02:26" hostname="yyh - localhost" id="Test Suites/search test">
      <properties>
         <property name="deviceName" value=""/>
         <property name="devicePlatform" value=""/>
         <property name="logFolder" value="/Users/yyh/git/Katalon-test/Reports/20230331_000223/search test/20230331_000223"/>
         <property name="logFiles" value="/Users/yyh/git/Katalon-test/Reports/20230331_000223/search test/20230331_000223/execution0.log"/>
         <property name="attachments" value=""/>
         <property name="hostName" value="yyh - localhost"/>
         <property name="os" value="Mac OS X 64bit"/>
         <property name="katalonVersion" value="8.5.5.208"/>
         <property name="browser" value="Chrome 111.0.0.0"/>
         <property name="hostAddress" value="127.0.0.1"/>
         <property name="sessionId" value="e503b4556706f01dea8b991a416e05f9"/>
         <property name="seleniumVersion" value="3.141.59"/>
         <property name="proxyInformation" value="ProxyInformation { proxyOption=NO_PROXY, proxyServerType=HTTP, username=, password=********, proxyServerAddress=, proxyServerPort=0, executionList=&quot;&quot;, isApplyToDesiredCapabilities=true }"/>
         <property name="platform" value="Mac OS X"/>
      </properties>
      <testcase name="Test Cases/test case search" time="27.482" classname="Test Cases/test case search" status="ERROR">
         <error type="ERROR" message="Test Cases/test case search FAILED.
Reason:
java.lang.IllegalArgumentException: Cannot find test data with id 'Data Files/	Data Files/Test search data' because (of) 'java.lang.IllegalArgumentException: Test data with id 'Data Files/	Data Files/Test search data' does not exist'
	at com.kms.katalon.core.testdata.TestDataFactory.findTestData(TestDataFactory.java:132)
	at com.kms.katalon.core.testdata.TestDataFactory$findTestData.call(Unknown Source)
	at test case search.run(test case search:33)
	at com.kms.katalon.core.main.ScriptEngine.run(ScriptEngine.java:194)
	at com.kms.katalon.core.main.ScriptEngine.runScriptAsRawText(ScriptEngine.java:119)
	at com.kms.katalon.core.main.TestCaseExecutor.runScript(TestCaseExecutor.java:448)
	at com.kms.katalon.core.main.TestCaseExecutor.doExecute(TestCaseExecutor.java:439)
	at com.kms.katalon.core.main.TestCaseExecutor.processExecutionPhase(TestCaseExecutor.java:418)
	at com.kms.katalon.core.main.TestCaseExecutor.accessMainPhase(TestCaseExecutor.java:410)
	at com.kms.katalon.core.main.TestCaseExecutor.execute(TestCaseExecutor.java:285)
	at com.kms.katalon.core.common.CommonExecutor.accessTestCaseMainPhase(CommonExecutor.java:65)
	at com.kms.katalon.core.main.TestSuiteExecutor.accessTestSuiteMainPhase(TestSuiteExecutor.java:151)
	at com.kms.katalon.core.main.TestSuiteExecutor.execute(TestSuiteExecutor.java:106)
	at com.kms.katalon.core.main.TestCaseMain.startTestSuite(TestCaseMain.java:185)
	at com.kms.katalon.core.main.TestCaseMain$startTestSuite$0.call(Unknown Source)
	at TempTestSuite1680195743603.run(TempTestSuite1680195743603.groovy:36)
"/>
         <system-out><![CDATA[2023-03-31 00:02:27 - [TEST_CASE][ERROR] - Test Cases/test case search: Test Cases/test case search FAILED.
Reason:
java.lang.IllegalArgumentException: Cannot find test data with id 'Data Files/	Data Files/Test search data' because (of) 'java.lang.IllegalArgumentException: Test data with id 'Data Files/	Data Files/Test search data' does not exist'
	at com.kms.katalon.core.testdata.TestDataFactory.findTestData(TestDataFactory.java:132)
	at com.kms.katalon.core.testdata.TestDataFactory$findTestData.call(Unknown Source)
	at test case search.run(test case search:33)
	at com.kms.katalon.core.main.ScriptEngine.run(ScriptEngine.java:194)
	at com.kms.katalon.core.main.ScriptEngine.runScriptAsRawText(ScriptEngine.java:119)
	at com.kms.katalon.core.main.TestCaseExecutor.runScript(TestCaseExecutor.java:448)
	at com.kms.katalon.core.main.TestCaseExecutor.doExecute(TestCaseExecutor.java:439)
	at com.kms.katalon.core.main.TestCaseExecutor.processExecutionPhase(TestCaseExecutor.java:418)
	at com.kms.katalon.core.main.TestCaseExecutor.accessMainPhase(TestCaseExecutor.java:410)
	at com.kms.katalon.core.main.TestCaseExecutor.execute(TestCaseExecutor.java:285)
	at com.kms.katalon.core.common.CommonExecutor.accessTestCaseMainPhase(CommonExecutor.java:65)
	at com.kms.katalon.core.main.TestSuiteExecutor.accessTestSuiteMainPhase(TestSuiteExecutor.java:151)
	at com.kms.katalon.core.main.TestSuiteExecutor.execute(TestSuiteExecutor.java:106)
	at com.kms.katalon.core.main.TestCaseMain.startTestSuite(TestCaseMain.java:185)
	at com.kms.katalon.core.main.TestCaseMain$startTestSuite$0.call(Unknown Source)
	at TempTestSuite1680195743603.run(TempTestSuite1680195743603.groovy:36)


2023-03-31 00:02:27 - [TEST_STEP][PASSED] - openBrowser(""): Browser is opened with url: ''

2023-03-31 00:02:27 - [MESSAGE][INFO] - Starting 'Chrome' driver

2023-03-31 00:02:27 - [MESSAGE][INFO] - Action delay is set to 0 milliseconds

2023-03-31 00:02:35 - [MESSAGE][PASSED] - Browser is opened with url: ''

2023-03-31 00:02:35 - [TEST_STEP][PASSED] - navigateToUrl("http://54.87.132.198:8086/"): Navigate to 'http://54.87.132.198:8086/' successfully

2023-03-31 00:02:37 - [MESSAGE][PASSED] - Navigate to 'http://54.87.132.198:8086/' successfully

2023-03-31 00:02:37 - [TEST_STEP][PASSED] - click(findTestObject("Object Repository/page4/Page_/Link_Customer")): Object: 'Object Repository/page4/Page_/Link_Customer' is clicked on

2023-03-31 00:02:43 - [MESSAGE][PASSED] - Object: 'Object Repository/page4/Page_/Link_Customer' is clicked on

2023-03-31 00:02:43 - [TEST_STEP][PASSED] - click(findTestObject("Object Repository/page4/Page_/Link_table")): Object: 'Object Repository/page4/Page_/Link_table' is clicked on

2023-03-31 00:02:54 - [MESSAGE][PASSED] - Object: 'Object Repository/page4/Page_/Link_table' is clicked on

2023-03-31 00:02:54 - [TEST_STEP][ERROR] - searchTextTestData = findTestData("	Data Files/Test search data"): Test Cases/test case search FAILED.
Reason:
java.lang.IllegalArgumentException: Cannot find test data with id 'Data Files/	Data Files/Test search data' because (of) 'java.lang.IllegalArgumentException: Test data with id 'Data Files/	Data Files/Test search data' does not exist'
	at com.kms.katalon.core.testdata.TestDataFactory.findTestData(TestDataFactory.java:132)
	at com.kms.katalon.core.testdata.TestDataFactory$findTestData.call(Unknown Source)
	at test case search.run(test case search:33)
	at com.kms.katalon.core.main.ScriptEngine.run(ScriptEngine.java:194)
	at com.kms.katalon.core.main.ScriptEngine.runScriptAsRawText(ScriptEngine.java:119)
	at com.kms.katalon.core.main.TestCaseExecutor.runScript(TestCaseExecutor.java:448)
	at com.kms.katalon.core.main.TestCaseExecutor.doExecute(TestCaseExecutor.java:439)
	at com.kms.katalon.core.main.TestCaseExecutor.processExecutionPhase(TestCaseExecutor.java:418)
	at com.kms.katalon.core.main.TestCaseExecutor.accessMainPhase(TestCaseExecutor.java:410)
	at com.kms.katalon.core.main.TestCaseExecutor.execute(TestCaseExecutor.java:285)
	at com.kms.katalon.core.common.CommonExecutor.accessTestCaseMainPhase(CommonExecutor.java:65)
	at com.kms.katalon.core.main.TestSuiteExecutor.accessTestSuiteMainPhase(TestSuiteExecutor.java:151)
	at com.kms.katalon.core.main.TestSuiteExecutor.execute(TestSuiteExecutor.java:106)
	at com.kms.katalon.core.main.TestCaseMain.startTestSuite(TestCaseMain.java:185)
	at com.kms.katalon.core.main.TestCaseMain$startTestSuite$0.call(Unknown Source)
	at TempTestSuite1680195743603.run(TempTestSuite1680195743603.groovy:36)


2023-03-31 00:02:54 - [MESSAGE][ERROR] - Test Cases/test case search FAILED.
Reason:
java.lang.IllegalArgumentException: Cannot find test data with id 'Data Files/	Data Files/Test search data' because (of) 'java.lang.IllegalArgumentException: Test data with id 'Data Files/	Data Files/Test search data' does not exist'
	at com.kms.katalon.core.testdata.TestDataFactory.findTestData(TestDataFactory.java:132)
	at com.kms.katalon.core.testdata.TestDataFactory$findTestData.call(Unknown Source)
	at test case search.run(test case search:33)
	at com.kms.katalon.core.main.ScriptEngine.run(ScriptEngine.java:194)
	at com.kms.katalon.core.main.ScriptEngine.runScriptAsRawText(ScriptEngine.java:119)
	at com.kms.katalon.core.main.TestCaseExecutor.runScript(TestCaseExecutor.java:448)
	at com.kms.katalon.core.main.TestCaseExecutor.doExecute(TestCaseExecutor.java:439)
	at com.kms.katalon.core.main.TestCaseExecutor.processExecutionPhase(TestCaseExecutor.java:418)
	at com.kms.katalon.core.main.TestCaseExecutor.accessMainPhase(TestCaseExecutor.java:410)
	at com.kms.katalon.core.main.TestCaseExecutor.execute(TestCaseExecutor.java:285)
	at com.kms.katalon.core.common.CommonExecutor.accessTestCaseMainPhase(CommonExecutor.java:65)
	at com.kms.katalon.core.main.TestSuiteExecutor.accessTestSuiteMainPhase(TestSuiteExecutor.java:151)
	at com.kms.katalon.core.main.TestSuiteExecutor.execute(TestSuiteExecutor.java:106)
	at com.kms.katalon.core.main.TestCaseMain.startTestSuite(TestCaseMain.java:185)
	at com.kms.katalon.core.main.TestCaseMain$startTestSuite$0.call(Unknown Source)
	at TempTestSuite1680195743603.run(TempTestSuite1680195743603.groovy:36)]]></system-out>
         <system-err><![CDATA[2023-03-31 00:02:27 - [TEST_CASE][ERROR] - Test Cases/test case search: Test Cases/test case search FAILED.
Reason:
java.lang.IllegalArgumentException: Cannot find test data with id 'Data Files/	Data Files/Test search data' because (of) 'java.lang.IllegalArgumentException: Test data with id 'Data Files/	Data Files/Test search data' does not exist'
	at com.kms.katalon.core.testdata.TestDataFactory.findTestData(TestDataFactory.java:132)
	at com.kms.katalon.core.testdata.TestDataFactory$findTestData.call(Unknown Source)
	at test case search.run(test case search:33)
	at com.kms.katalon.core.main.ScriptEngine.run(ScriptEngine.java:194)
	at com.kms.katalon.core.main.ScriptEngine.runScriptAsRawText(ScriptEngine.java:119)
	at com.kms.katalon.core.main.TestCaseExecutor.runScript(TestCaseExecutor.java:448)
	at com.kms.katalon.core.main.TestCaseExecutor.doExecute(TestCaseExecutor.java:439)
	at com.kms.katalon.core.main.TestCaseExecutor.processExecutionPhase(TestCaseExecutor.java:418)
	at com.kms.katalon.core.main.TestCaseExecutor.accessMainPhase(TestCaseExecutor.java:410)
	at com.kms.katalon.core.main.TestCaseExecutor.execute(TestCaseExecutor.java:285)
	at com.kms.katalon.core.common.CommonExecutor.accessTestCaseMainPhase(CommonExecutor.java:65)
	at com.kms.katalon.core.main.TestSuiteExecutor.accessTestSuiteMainPhase(TestSuiteExecutor.java:151)
	at com.kms.katalon.core.main.TestSuiteExecutor.execute(TestSuiteExecutor.java:106)
	at com.kms.katalon.core.main.TestCaseMain.startTestSuite(TestCaseMain.java:185)
	at com.kms.katalon.core.main.TestCaseMain$startTestSuite$0.call(Unknown Source)
	at TempTestSuite1680195743603.run(TempTestSuite1680195743603.groovy:36)]]></system-err>
      </testcase>
      <system-out><![CDATA[2023-03-31 00:02:26 - [TEST_SUITE][ERROR] - search test: Test Cases/test case search FAILED.
Reason:
java.lang.IllegalArgumentException: Cannot find test data with id 'Data Files/	Data Files/Test search data' because (of) 'java.lang.IllegalArgumentException: Test data with id 'Data Files/	Data Files/Test search data' does not exist'
	at com.kms.katalon.core.testdata.TestDataFactory.findTestData(TestDataFactory.java:132)
	at com.kms.katalon.core.testdata.TestDataFactory$findTestData.call(Unknown Source)
	at test case search.run(test case search:33)
	at com.kms.katalon.core.main.ScriptEngine.run(ScriptEngine.java:194)
	at com.kms.katalon.core.main.ScriptEngine.runScriptAsRawText(ScriptEngine.java:119)
	at com.kms.katalon.core.main.TestCaseExecutor.runScript(TestCaseExecutor.java:448)
	at com.kms.katalon.core.main.TestCaseExecutor.doExecute(TestCaseExecutor.java:439)
	at com.kms.katalon.core.main.TestCaseExecutor.processExecutionPhase(TestCaseExecutor.java:418)
	at com.kms.katalon.core.main.TestCaseExecutor.accessMainPhase(TestCaseExecutor.java:410)
	at com.kms.katalon.core.main.TestCaseExecutor.execute(TestCaseExecutor.java:285)
	at com.kms.katalon.core.common.CommonExecutor.accessTestCaseMainPhase(CommonExecutor.java:65)
	at com.kms.katalon.core.main.TestSuiteExecutor.accessTestSuiteMainPhase(TestSuiteExecutor.java:151)
	at com.kms.katalon.core.main.TestSuiteExecutor.execute(TestSuiteExecutor.java:106)
	at com.kms.katalon.core.main.TestCaseMain.startTestSuite(TestCaseMain.java:185)
	at com.kms.katalon.core.main.TestCaseMain$startTestSuite$0.call(Unknown Source)
	at TempTestSuite1680195743603.run(TempTestSuite1680195743603.groovy:36)]]></system-out>
      <system-err><![CDATA[2023-03-31 00:02:26 - [TEST_SUITE][ERROR] - search test: Test Cases/test case search FAILED.
Reason:
java.lang.IllegalArgumentException: Cannot find test data with id 'Data Files/	Data Files/Test search data' because (of) 'java.lang.IllegalArgumentException: Test data with id 'Data Files/	Data Files/Test search data' does not exist'
	at com.kms.katalon.core.testdata.TestDataFactory.findTestData(TestDataFactory.java:132)
	at com.kms.katalon.core.testdata.TestDataFactory$findTestData.call(Unknown Source)
	at test case search.run(test case search:33)
	at com.kms.katalon.core.main.ScriptEngine.run(ScriptEngine.java:194)
	at com.kms.katalon.core.main.ScriptEngine.runScriptAsRawText(ScriptEngine.java:119)
	at com.kms.katalon.core.main.TestCaseExecutor.runScript(TestCaseExecutor.java:448)
	at com.kms.katalon.core.main.TestCaseExecutor.doExecute(TestCaseExecutor.java:439)
	at com.kms.katalon.core.main.TestCaseExecutor.processExecutionPhase(TestCaseExecutor.java:418)
	at com.kms.katalon.core.main.TestCaseExecutor.accessMainPhase(TestCaseExecutor.java:410)
	at com.kms.katalon.core.main.TestCaseExecutor.execute(TestCaseExecutor.java:285)
	at com.kms.katalon.core.common.CommonExecutor.accessTestCaseMainPhase(CommonExecutor.java:65)
	at com.kms.katalon.core.main.TestSuiteExecutor.accessTestSuiteMainPhase(TestSuiteExecutor.java:151)
	at com.kms.katalon.core.main.TestSuiteExecutor.execute(TestSuiteExecutor.java:106)
	at com.kms.katalon.core.main.TestCaseMain.startTestSuite(TestCaseMain.java:185)
	at com.kms.katalon.core.main.TestCaseMain$startTestSuite$0.call(Unknown Source)
	at TempTestSuite1680195743603.run(TempTestSuite1680195743603.groovy:36)]]></system-err>
   </testsuite>
</testsuites>
